<?xml version="1.0" encoding="UTF-8"?>
<!-- Generated by org.testng.reporters.JUnitReportReporter -->
<testsuite hostname="DESKTOP-5J8JUA8" name="com.hybridframework.new_tours_registration" tests="2" failures="0" timestamp="1 Dec 2017 06:52:51 GMT" time="15.967" errors="0">
  <testcase name="Registration" time="15.681" classname="com.hybridframework.new_tours_registration"/>
  <testcase name="Register" time="0.286" classname="com.hybridframework.new_tours_registration"/>
</testsuite> <!-- com.hybridframework.new_tours_registration -->
