<?xml version="1.0" encoding="UTF-8"?>
<!-- Generated by org.testng.reporters.JUnitReportReporter -->
<testsuite hostname="DESKTOP-5J8JUA8" name="com.datadrivenframework.NewTours_Registration" tests="2" failures="0" timestamp="1 Dec 2017 06:52:51 GMT" time="20.174" errors="0">
  <testcase name="Register" time="0.275" classname="com.datadrivenframework.NewTours_Registration"/>
  <testcase name="Registration" time="19.899" classname="com.datadrivenframework.NewTours_Registration"/>
</testsuite> <!-- com.datadrivenframework.NewTours_Registration -->
