<?xml version="1.0" encoding="UTF-8"?>
<!-- Generated by org.testng.reporters.JUnitReportReporter -->
<testsuite hostname="DESKTOP-5J8JUA8" name="com.keydrivenframework.NewTours_Registration" tests="2" failures="0" timestamp="26 Nov 2017 11:08:36 GMT" time="5.017" errors="0">
  <testcase name="Register" time="0.301" classname="com.keydrivenframework.NewTours_Registration"/>
  <testcase name="Registration" time="4.716" classname="com.keydrivenframework.NewTours_Registration"/>
</testsuite> <!-- com.keydrivenframework.NewTours_Registration -->
